<!DOCTYPE html>
<html>
<head>
<meta http-equiv="Content-Type" content="text/html; charset=utf-8"/>
<meta http-equiv="x-ua-compatible" content="IE=edge"/>
<title>Test results - Class uTest</title>
<link href="../css/base-style.css" rel="stylesheet" type="text/css"/>
<link href="../css/style.css" rel="stylesheet" type="text/css"/>
<script src="../js/report.js" type="text/javascript"></script>
</head>
<body>
<div id="content">
<h1>Class uTest</h1>
<div class="breadcrumbs">
<a href="../index.html">all</a> &gt; 
<a href="../packages/default-package.html">default-package</a> &gt; uTest</div>
<div id="summary">
<table>
<tr>
<td>
<div class="summaryGroup">
<table>
<tr>
<td>
<div class="infoBox" id="tests">
<div class="counter">1</div>
<p>tests</p>
</div>
</td>
<td>
<div class="infoBox" id="failures">
<div class="counter">1</div>
<p>failures</p>
</div>
</td>
<td>
<div class="infoBox" id="ignored">
<div class="counter">0</div>
<p>ignored</p>
</div>
</td>
<td>
<div class="infoBox" id="duration">
<div class="counter">40.160s</div>
<p>duration</p>
</div>
</td>
</tr>
</table>
</div>
</td>
<td>
<div class="infoBox failures" id="successRate">
<div class="percent">0%</div>
<p>successful</p>
</div>
</td>
</tr>
</table>
</div>
<div id="tabs">
<ul class="tabLinks">
<li>
<a href="#tab0">Failed tests</a>
</li>
<li>
<a href="#tab1">Tests</a>
</li>
<li>
<a href="#tab2">Standard error</a>
</li>
</ul>
<div id="tab0" class="tab">
<h2>Failed tests</h2>
<div class="test">
<a name="Open the uTest page"></a>
<h3 class="failures">Open the uTest page</h3>
<span class="code">
<pre>net.thucydides.core.webdriver.exceptions.ElementShouldBeEnabledException: Expected enabled element was not enabled
	at net.serenitybdd.core.pages.WebElementFacadeImpl.waitUntilEnabled(WebElementFacadeImpl.java:1149)
	at net.serenitybdd.core.pages.WebElementFacadeImpl.waitUntilElementAvailable(WebElementFacadeImpl.java:954)
	at net.serenitybdd.core.pages.WebElementFacadeImpl.click(WebElementFacadeImpl.java:1229)
	at net.serenitybdd.screenplay.actions.ClickOnTarget.performAs(ClickOnTarget.java:13)
	at net.serenitybdd.screenplay.actions.ClickOnTarget$ByteBuddy$ygDzkmJf.performAs$accessor$aBfOKFRm(Unknown Source)
	at sun.reflect.NativeMethodAccessorImpl.invoke0(Native Method)
	at sun.reflect.NativeMethodAccessorImpl.invoke(NativeMethodAccessorImpl.java:62)
	at sun.reflect.DelegatingMethodAccessorImpl.invoke(DelegatingMethodAccessorImpl.java:43)
	at java.lang.reflect.Method.invoke(Method.java:498)
	at net.thucydides.core.steps.StepInterceptor.invokeMethod(StepInterceptor.java:471)
	at net.thucydides.core.steps.StepInterceptor.executeTestStepMethod(StepInterceptor.java:451)
	at net.thucydides.core.steps.StepInterceptor.runTestStep(StepInterceptor.java:424)
	at net.thucydides.core.steps.StepInterceptor.runOrSkipMethod(StepInterceptor.java:180)
	at net.thucydides.core.steps.StepInterceptor.testStepResult(StepInterceptor.java:167)
	at net.thucydides.core.steps.StepInterceptor.intercept(StepInterceptor.java:75)
	at net.serenitybdd.screenplay.actions.ClickOnTarget$ByteBuddy$ygDzkmJf.performAs(Unknown Source)
	at net.serenitybdd.screenplay.Actor.performTask(Actor.java:233)
	at net.serenitybdd.screenplay.Actor.perform(Actor.java:214)
	at net.serenitybdd.screenplay.Actor.attemptsTo(Actor.java:171)
	at co.com.choucair.certification.retotecnico.tasks.Join.performAs(Join.java:19)
	at co.com.choucair.certification.retotecnico.tasks.Join$ByteBuddy$B3FKhYVp.performAs$accessor$L8j8btXv(Unknown Source)
	at sun.reflect.NativeMethodAccessorImpl.invoke0(Native Method)
	at sun.reflect.NativeMethodAccessorImpl.invoke(NativeMethodAccessorImpl.java:62)
	at sun.reflect.DelegatingMethodAccessorImpl.invoke(DelegatingMethodAccessorImpl.java:43)
	at java.lang.reflect.Method.invoke(Method.java:498)
	at net.thucydides.core.steps.StepInterceptor.invokeMethod(StepInterceptor.java:471)
	at net.thucydides.core.steps.StepInterceptor.executeTestStepMethod(StepInterceptor.java:451)
	at net.thucydides.core.steps.StepInterceptor.runTestStep(StepInterceptor.java:424)
	at net.thucydides.core.steps.StepInterceptor.runOrSkipMethod(StepInterceptor.java:180)
	at net.thucydides.core.steps.StepInterceptor.testStepResult(StepInterceptor.java:167)
	at net.thucydides.core.steps.StepInterceptor.intercept(StepInterceptor.java:75)
	at co.com.choucair.certification.retotecnico.tasks.Join$ByteBuddy$B3FKhYVp.performAs(Unknown Source)
	at net.serenitybdd.screenplay.Actor.performTask(Actor.java:233)
	at net.serenitybdd.screenplay.Actor.perform(Actor.java:214)
	at net.serenitybdd.screenplay.Actor.attemptsTo(Actor.java:171)
	at net.serenitybdd.screenplay.Actor.wasAbleTo(Actor.java:158)
	at co.com.choucair.certification.retotecnico.stepdefinitions.uTestStepDefinitions.jessicaWantsToRegisterOnTheUTestPage(uTestStepDefinitions.java:21)
	at ✽.Jessica wants to register on the uTest page(src/test/resources/features/uTest.feature:8)
Caused by: org.openqa.selenium.TimeoutException: Expected condition failed: waiting for By.xpath: //a[@class='btn btn-blue pull-right'] to be enabled (tried for 5 second(s) with 100 milliseconds interval)
	at org.openqa.selenium.support.ui.FluentWait.timeoutException(FluentWait.java:304)
	at org.openqa.selenium.support.ui.FluentWait.until(FluentWait.java:272)
	at net.serenitybdd.core.pages.WebElementFacadeImpl.waitUntilEnabled(WebElementFacadeImpl.java:1146)
	at net.serenitybdd.core.pages.WebElementFacadeImpl.waitUntilElementAvailable(WebElementFacadeImpl.java:954)
	at net.serenitybdd.core.pages.WebElementFacadeImpl.click(WebElementFacadeImpl.java:1229)
	at net.serenitybdd.screenplay.actions.ClickOnTarget.performAs(ClickOnTarget.java:13)
	at net.serenitybdd.screenplay.actions.ClickOnTarget$ByteBuddy$ygDzkmJf.performAs$accessor$aBfOKFRm(Unknown Source)
	at sun.reflect.NativeMethodAccessorImpl.invoke0(Native Method)
	at sun.reflect.NativeMethodAccessorImpl.invoke(NativeMethodAccessorImpl.java:62)
	at sun.reflect.DelegatingMethodAccessorImpl.invoke(DelegatingMethodAccessorImpl.java:43)
	at java.lang.reflect.Method.invoke(Method.java:498)
	at net.thucydides.core.steps.StepInterceptor.invokeMethod(StepInterceptor.java:471)
	at net.thucydides.core.steps.StepInterceptor.executeTestStepMethod(StepInterceptor.java:451)
	at net.thucydides.core.steps.StepInterceptor.runTestStep(StepInterceptor.java:424)
	at net.thucydides.core.steps.StepInterceptor.runOrSkipMethod(StepInterceptor.java:180)
	at net.thucydides.core.steps.StepInterceptor.testStepResult(StepInterceptor.java:167)
	at net.thucydides.core.steps.StepInterceptor.intercept(StepInterceptor.java:75)
	at net.serenitybdd.screenplay.actions.ClickOnTarget$ByteBuddy$ygDzkmJf.performAs(Unknown Source)
	at net.serenitybdd.screenplay.Actor.performTask(Actor.java:233)
	at net.serenitybdd.screenplay.Actor.perform(Actor.java:214)
	at net.serenitybdd.screenplay.Actor.attemptsTo(Actor.java:171)
	at co.com.choucair.certification.retotecnico.tasks.Join.performAs(Join.java:19)
	at co.com.choucair.certification.retotecnico.tasks.Join$ByteBuddy$B3FKhYVp.performAs$accessor$L8j8btXv(Unknown Source)
	at sun.reflect.NativeMethodAccessorImpl.invoke0(Native Method)
	at sun.reflect.NativeMethodAccessorImpl.invoke(NativeMethodAccessorImpl.java:62)
	at sun.reflect.DelegatingMethodAccessorImpl.invoke(DelegatingMethodAccessorImpl.java:43)
	at java.lang.reflect.Method.invoke(Method.java:498)
	at net.thucydides.core.steps.StepInterceptor.invokeMethod(StepInterceptor.java:471)
	at net.thucydides.core.steps.StepInterceptor.executeTestStepMethod(StepInterceptor.java:451)
	at net.thucydides.core.steps.StepInterceptor.runTestStep(StepInterceptor.java:424)
	at net.thucydides.core.steps.StepInterceptor.runOrSkipMethod(StepInterceptor.java:180)
	at net.thucydides.core.steps.StepInterceptor.testStepResult(StepInterceptor.java:167)
	at net.thucydides.core.steps.StepInterceptor.intercept(StepInterceptor.java:75)
	at co.com.choucair.certification.retotecnico.tasks.Join$ByteBuddy$B3FKhYVp.performAs(Unknown Source)
	at net.serenitybdd.screenplay.Actor.performTask(Actor.java:233)
	at net.serenitybdd.screenplay.Actor.perform(Actor.java:214)
	at net.serenitybdd.screenplay.Actor.attemptsTo(Actor.java:171)
	at net.serenitybdd.screenplay.Actor.wasAbleTo(Actor.java:158)
	at co.com.choucair.certification.retotecnico.stepdefinitions.uTestStepDefinitions.jessicaWantsToRegisterOnTheUTestPage(uTestStepDefinitions.java:21)
	at sun.reflect.NativeMethodAccessorImpl.invoke0(Native Method)
	at sun.reflect.NativeMethodAccessorImpl.invoke(NativeMethodAccessorImpl.java:62)
	at sun.reflect.DelegatingMethodAccessorImpl.invoke(DelegatingMethodAccessorImpl.java:43)
	at java.lang.reflect.Method.invoke(Method.java:498)
	at cucumber.runtime.Utils$1.call(Utils.java:31)
	at cucumber.runtime.Timeout.timeout(Timeout.java:16)
	at cucumber.runtime.Utils.invoke(Utils.java:25)
	at cucumber.runtime.java.JavaStepDefinition.execute(JavaStepDefinition.java:37)
	at cucumber.runtime.StepDefinitionMatch.runStep(StepDefinitionMatch.java:40)
	at cucumber.api.TestStep.executeStep(TestStep.java:102)
	at cucumber.api.TestStep.run(TestStep.java:83)
	at cucumber.api.TestCase.run(TestCase.java:58)
	at cucumber.runner.Runner.runPickle(Runner.java:80)
	at cucumber.runtime.junit.PickleRunners$NoStepDescriptions.run(PickleRunners.java:140)
	at cucumber.runtime.junit.FeatureRunner.runChild(FeatureRunner.java:68)
	at cucumber.runtime.junit.FeatureRunner.runChild(FeatureRunner.java:23)
	at org.junit.runners.ParentRunner$3.run(ParentRunner.java:290)
	at org.junit.runners.ParentRunner$1.schedule(ParentRunner.java:71)
	at org.junit.runners.ParentRunner.runChildren(ParentRunner.java:288)
	at org.junit.runners.ParentRunner.access$000(ParentRunner.java:58)
	at org.junit.runners.ParentRunner$2.evaluate(ParentRunner.java:268)
	at org.junit.runners.ParentRunner.run(ParentRunner.java:363)
	at cucumber.runtime.junit.FeatureRunner.run(FeatureRunner.java:73)
	at cucumber.api.junit.Cucumber.runChild(Cucumber.java:118)
	at cucumber.api.junit.Cucumber.runChild(Cucumber.java:56)
	at org.junit.runners.ParentRunner$3.run(ParentRunner.java:290)
	at org.junit.runners.ParentRunner$1.schedule(ParentRunner.java:71)
	at org.junit.runners.ParentRunner.runChildren(ParentRunner.java:288)
	at org.junit.runners.ParentRunner.access$000(ParentRunner.java:58)
	at org.junit.runners.ParentRunner$2.evaluate(ParentRunner.java:268)
	at cucumber.api.junit.Cucumber$1.evaluate(Cucumber.java:127)
	at org.junit.runners.ParentRunner.run(ParentRunner.java:363)
	at org.gradle.api.internal.tasks.testing.junit.JUnitTestClassExecutor.runTestClass(JUnitTestClassExecutor.java:110)
	at org.gradle.api.internal.tasks.testing.junit.JUnitTestClassExecutor.execute(JUnitTestClassExecutor.java:58)
	at org.gradle.api.internal.tasks.testing.junit.JUnitTestClassExecutor.execute(JUnitTestClassExecutor.java:38)
	at org.gradle.api.internal.tasks.testing.junit.AbstractJUnitTestClassProcessor.processTestClass(AbstractJUnitTestClassProcessor.java:62)
	at org.gradle.api.internal.tasks.testing.SuiteTestClassProcessor.processTestClass(SuiteTestClassProcessor.java:51)
	at sun.reflect.NativeMethodAccessorImpl.invoke0(Native Method)
	at sun.reflect.NativeMethodAccessorImpl.invoke(NativeMethodAccessorImpl.java:62)
	at sun.reflect.DelegatingMethodAccessorImpl.invoke(DelegatingMethodAccessorImpl.java:43)
	at java.lang.reflect.Method.invoke(Method.java:498)
	at org.gradle.internal.dispatch.ReflectionDispatch.dispatch(ReflectionDispatch.java:35)
	at org.gradle.internal.dispatch.ReflectionDispatch.dispatch(ReflectionDispatch.java:24)
	at org.gradle.internal.dispatch.ContextClassLoaderDispatch.dispatch(ContextClassLoaderDispatch.java:32)
	at org.gradle.internal.dispatch.ProxyDispatchAdapter$DispatchingInvocationHandler.invoke(ProxyDispatchAdapter.java:93)
	at com.sun.proxy.$Proxy2.processTestClass(Unknown Source)
	at org.gradle.api.internal.tasks.testing.worker.TestWorker.processTestClass(TestWorker.java:118)
	at sun.reflect.NativeMethodAccessorImpl.invoke0(Native Method)
	at sun.reflect.NativeMethodAccessorImpl.invoke(NativeMethodAccessorImpl.java:62)
	at sun.reflect.DelegatingMethodAccessorImpl.invoke(DelegatingMethodAccessorImpl.java:43)
	at java.lang.reflect.Method.invoke(Method.java:498)
	at org.gradle.internal.dispatch.ReflectionDispatch.dispatch(ReflectionDispatch.java:35)
	at org.gradle.internal.dispatch.ReflectionDispatch.dispatch(ReflectionDispatch.java:24)
	at org.gradle.internal.remote.internal.hub.MessageHubBackedObjectConnection$DispatchWrapper.dispatch(MessageHubBackedObjectConnection.java:175)
	at org.gradle.internal.remote.internal.hub.MessageHubBackedObjectConnection$DispatchWrapper.dispatch(MessageHubBackedObjectConnection.java:157)
	at org.gradle.internal.remote.internal.hub.MessageHub$Handler.run(MessageHub.java:404)
	at org.gradle.internal.concurrent.ExecutorPolicy$CatchAndRecordFailures.onExecute(ExecutorPolicy.java:63)
	at org.gradle.internal.concurrent.ManagedExecutorImpl$1.run(ManagedExecutorImpl.java:46)
	at java.util.concurrent.ThreadPoolExecutor.runWorker(ThreadPoolExecutor.java:1149)
	at java.util.concurrent.ThreadPoolExecutor$Worker.run(ThreadPoolExecutor.java:624)
	at org.gradle.internal.concurrent.ThreadFactoryImpl$ManagedThreadRunnable.run(ThreadFactoryImpl.java:55)
	at java.lang.Thread.run(Thread.java:748)
Caused by: org.openqa.selenium.NoSuchElementException: no such element: Unable to locate element: {&quot;method&quot;:&quot;xpath&quot;,&quot;selector&quot;:&quot;//a[@class='btn btn-blue pull-right']&quot;}
  (Session info: chrome=100.0.4896.88)
For documentation on this error, please visit: https://www.seleniumhq.org/exceptions/no_such_element.html
Build info: version: '3.141.59', revision: 'e82be7d358', time: '2018-11-14T08:17:03'
System info: host: 'DESKTOP-42PCL9G', ip: '192.168.56.1', os.name: 'Windows 10', os.arch: 'amd64', os.version: '10.0', java.version: '1.8.0_202'
Driver info: org.openqa.selenium.chrome.ChromeDriver
Capabilities {acceptInsecureCerts: false, browserName: chrome, browserVersion: 100.0.4896.88, chrome: {chromedriverVersion: 100.0.4896.60 (6a5d10861ce8..., userDataDir: C:\Users\HOME\AppData\Local...}, goog:chromeOptions: {debuggerAddress: localhost:57615}, javascriptEnabled: true, networkConnectionEnabled: false, pageLoadStrategy: normal, platform: WINDOWS, platformName: WINDOWS, proxy: Proxy(), setWindowRect: true, strictFileInteractability: false, timeouts: {implicit: 0, pageLoad: 300000, script: 30000}, unhandledPromptBehavior: dismiss and notify, webauthn:extension:credBlob: true, webauthn:extension:largeBlob: true, webauthn:virtualAuthenticators: true}
Session ID: be97b040f28405a082c9b7848f4c4df6
*** Element info: {Using=xpath, value=//a[@class='btn btn-blue pull-right']}
	at sun.reflect.NativeConstructorAccessorImpl.newInstance0(Native Method)
	at sun.reflect.NativeConstructorAccessorImpl.newInstance(NativeConstructorAccessorImpl.java:62)
	at sun.reflect.DelegatingConstructorAccessorImpl.newInstance(DelegatingConstructorAccessorImpl.java:45)
	at java.lang.reflect.Constructor.newInstance(Constructor.java:423)
	at org.openqa.selenium.remote.http.W3CHttpResponseCodec.createException(W3CHttpResponseCodec.java:187)
	at org.openqa.selenium.remote.http.W3CHttpResponseCodec.decode(W3CHttpResponseCodec.java:122)
	at org.openqa.selenium.remote.http.W3CHttpResponseCodec.decode(W3CHttpResponseCodec.java:49)
	at org.openqa.selenium.remote.HttpCommandExecutor.execute(HttpCommandExecutor.java:158)
	at org.openqa.selenium.remote.service.DriverCommandExecutor.execute(DriverCommandExecutor.java:83)
	at org.openqa.selenium.remote.RemoteWebDriver.execute(RemoteWebDriver.java:552)
	at org.openqa.selenium.remote.RemoteWebDriver.findElement(RemoteWebDriver.java:323)
	at org.openqa.selenium.remote.RemoteWebDriver.findElementByXPath(RemoteWebDriver.java:428)
	at org.openqa.selenium.By$ByXPath.findElement(By.java:353)
	at org.openqa.selenium.remote.RemoteWebDriver.findElement(RemoteWebDriver.java:315)
	at net.thucydides.core.webdriver.WebDriverFacade.findElement(WebDriverFacade.java:222)
	at net.serenitybdd.core.pages.WebElementResolverByLocator.resolveForDriver(WebElementResolverByLocator.java:18)
	at net.serenitybdd.core.pages.WebElementFacadeImpl.getElement(WebElementFacadeImpl.java:221)
	at net.serenitybdd.core.pages.WebElementExpectations$3.apply(WebElementExpectations.java:63)
	at net.serenitybdd.core.pages.WebElementExpectations$3.apply(WebElementExpectations.java:55)
	at org.openqa.selenium.support.ui.FluentWait.until(FluentWait.java:249)
	... 99 more
</pre>
</span>
</div>
</div>
<div id="tab1" class="tab">
<h2>Tests</h2>
<table>
<thead>
<tr>
<th>Test</th>
<th>Duration</th>
<th>Result</th>
</tr>
</thead>
<tr>
<td class="failures">Open the uTest page</td>
<td class="failures">40.160s</td>
<td class="failures">failed</td>
</tr>
</table>
</div>
<div id="tab2" class="tab">
<h2>Standard error</h2>
<span class="code">
<pre>[Test worker] WARN net.thucydides.core.steps.BaseStepListener - stepStarted: net.thucydides.core.steps.ExecutedStepDescription@59124c32
[Test worker] WARN net.thucydides.core.steps.BaseStepListener - stepStarted: net.thucydides.core.steps.ExecutedStepDescription@7fc2a6c4
[Test worker] WARN net.thucydides.core.steps.BaseStepListener - stepStarted: net.thucydides.core.steps.ExecutedStepDescription@2dc0a9fe
abr 13, 2022 1:06:27 PM org.openqa.selenium.remote.DesiredCapabilities chrome
INFORMACIÓN: Using `new ChromeOptions()` is preferred to `DesiredCapabilities.chrome()`
[Test worker] INFO net.serenitybdd.core.webdriver.driverproviders.ProvideNewDriver - Instantiating driver
[Test worker] INFO net.serenitybdd.core.webdriver.driverproviders.ProvideNewDriver - Driver capabilities: Capabilities {acceptInsecureCerts: false, browserName: chrome, chrome.switches: --start-maximized, goog:chromeOptions: {args: [--start-maximized], extensions: []}, loggingPrefs: org.openqa.selenium.logging..., platform: ANY, version: }
Starting ChromeDriver 100.0.4896.60 (6a5d10861ce8de5fce22564658033b43cb7de047-refs/branch-heads/4896@{#875}) on port 38282
Only local connections are allowed.
Please see https://chromedriver.chromium.org/security-considerations for suggestions on keeping ChromeDriver safe.
ChromeDriver was started successfully.
abr 13, 2022 1:06:31 PM org.openqa.selenium.remote.ProtocolHandshake createSession
INFORMACIÓN: Detected dialect: W3C
[Test worker] WARN net.thucydides.core.steps.BaseStepListener - stepFinished: current outcome:Open the uTest page:Given Jessica wants to register on the uTest page [Jessica open up [Jessica opens the U test page]]
[Test worker] WARN net.thucydides.core.steps.BaseStepListener - stepFinished: current outcome:Open the uTest page:Given Jessica wants to register on the uTest page [Jessica open up [Jessica opens the U test page]]
[Test worker] WARN net.thucydides.core.steps.BaseStepListener - stepStarted: net.thucydides.core.steps.ExecutedStepDescription@6d38ceb
[Test worker] WARN net.thucydides.core.steps.BaseStepListener - stepStarted: net.thucydides.core.steps.ExecutedStepDescription@5fdf84f0
[Test worker] WARN net.thucydides.core.steps.BaseStepListener - stepFinished: current outcome:Open the uTest page:Given Jessica wants to register on the uTest page [Jessica open up [Jessica opens the U test page], Jessica join [Jessica clicks on Boton que nos muestra formulario para registro]]
[Test worker] WARN net.thucydides.core.steps.BaseStepListener - stepStarted: net.thucydides.core.steps.ExecutedStepDescription@3c9ac83c
[Test worker] WARN net.thucydides.core.steps.BaseStepListener - stepFinished: current outcome:Open the uTest page:Given Jessica wants to register on the uTest page [Jessica open up [Jessica opens the U test page], Jessica join [Jessica clicks on Boton que nos muestra formulario para registro, Jessica enters 'Reto' into Se escribe el primer nombre]]
[Test worker] WARN net.thucydides.core.steps.BaseStepListener - stepStarted: net.thucydides.core.steps.ExecutedStepDescription@41c2dcd0
[Test worker] WARN net.thucydides.core.steps.BaseStepListener - stepFinished: current outcome:Open the uTest page:Given Jessica wants to register on the uTest page [Jessica open up [Jessica opens the U test page], Jessica join [Jessica clicks on Boton que nos muestra formulario para registro, Jessica enters 'Reto' into Se escribe el primer nombre, Jessica enters 'Tecnico' into Se escribe el apellido]]
[Test worker] WARN net.thucydides.core.steps.BaseStepListener - stepStarted: net.thucydides.core.steps.ExecutedStepDescription@8f79933
[Test worker] WARN net.thucydides.core.steps.BaseStepListener - stepFinished: current outcome:Open the uTest page:Given Jessica wants to register on the uTest page [Jessica open up [Jessica opens the U test page], Jessica join [Jessica clicks on Boton que nos muestra formulario para registro, Jessica enters 'Reto' into Se escribe el primer nombre, Jessica enters 'Tecnico' into Se escribe el apellido, Jessica enters 'retotecnico@hotmail.com' into Ingresa el correo electronico]]
[Test worker] WARN net.thucydides.core.steps.BaseStepListener - stepStarted: net.thucydides.core.steps.ExecutedStepDescription@543740c0
[Test worker] WARN net.thucydides.core.steps.BaseStepListener - stepFinished: current outcome:Open the uTest page:Given Jessica wants to register on the uTest page [Jessica open up [Jessica opens the U test page], Jessica join [Jessica clicks on Boton que nos muestra formulario para registro, Jessica enters 'Reto' into Se escribe el primer nombre, Jessica enters 'Tecnico' into Se escribe el apellido, Jessica enters 'retotecnico@hotmail.com' into Ingresa el correo electronico, Jessica clicks on Ingresa el mes de nacimiento]]
[Test worker] WARN net.thucydides.core.steps.BaseStepListener - stepStarted: net.thucydides.core.steps.ExecutedStepDescription@656d2efe
[Test worker] WARN net.thucydides.core.steps.BaseStepListener - stepFinished: current outcome:Open the uTest page:Given Jessica wants to register on the uTest page [Jessica open up [Jessica opens the U test page], Jessica join [Jessica clicks on Boton que nos muestra formulario para registro, Jessica enters 'Reto' into Se escribe el primer nombre, Jessica enters 'Tecnico' into Se escribe el apellido, Jessica enters 'retotecnico@hotmail.com' into Ingresa el correo electronico, Jessica clicks on Ingresa el mes de nacimiento, Jessica clicks on Selecciona el mes]]
[Test worker] WARN net.thucydides.core.steps.BaseStepListener - stepStarted: net.thucydides.core.steps.ExecutedStepDescription@28e1cac9
[Test worker] WARN net.thucydides.core.steps.BaseStepListener - stepFinished: current outcome:Open the uTest page:Given Jessica wants to register on the uTest page [Jessica open up [Jessica opens the U test page], Jessica join [Jessica clicks on Boton que nos muestra formulario para registro, Jessica enters 'Reto' into Se escribe el primer nombre, Jessica enters 'Tecnico' into Se escribe el apellido, Jessica enters 'retotecnico@hotmail.com' into Ingresa el correo electronico, Jessica clicks on Ingresa el mes de nacimiento, Jessica clicks on Selecciona el mes, Jessica clicks on Ingresa el dia de nacimiento]]
[Test worker] WARN net.thucydides.core.steps.BaseStepListener - stepStarted: net.thucydides.core.steps.ExecutedStepDescription@2ef2c24
[Test worker] WARN net.thucydides.core.steps.BaseStepListener - stepFinished: current outcome:Open the uTest page:Given Jessica wants to register on the uTest page [Jessica open up [Jessica opens the U test page], Jessica join [Jessica clicks on Boton que nos muestra formulario para registro, Jessica enters 'Reto' into Se escribe el primer nombre, Jessica enters 'Tecnico' into Se escribe el apellido, Jessica enters 'retotecnico@hotmail.com' into Ingresa el correo electronico, Jessica clicks on Ingresa el mes de nacimiento, Jessica clicks on Selecciona el mes, Jessica clicks on Ingresa el dia de nacimiento, Jessica clicks on Selecciona el dÃ­a]]
[Test worker] WARN net.thucydides.core.steps.BaseStepListener - stepStarted: net.thucydides.core.steps.ExecutedStepDescription@24aa8cbf
[Test worker] WARN net.thucydides.core.steps.BaseStepListener - stepFinished: current outcome:Open the uTest page:Given Jessica wants to register on the uTest page [Jessica open up [Jessica opens the U test page], Jessica join [Jessica clicks on Boton que nos muestra formulario para registro, Jessica enters 'Reto' into Se escribe el primer nombre, Jessica enters 'Tecnico' into Se escribe el apellido, Jessica enters 'retotecnico@hotmail.com' into Ingresa el correo electronico, Jessica clicks on Ingresa el mes de nacimiento, Jessica clicks on Selecciona el mes, Jessica clicks on Ingresa el dia de nacimiento, Jessica clicks on Selecciona el dÃ­a, Jessica clicks on Ingresa el aÃ±o de nacimiento]]
[Test worker] WARN net.thucydides.core.steps.BaseStepListener - stepStarted: net.thucydides.core.steps.ExecutedStepDescription@46f4d1b2
[Test worker] WARN net.thucydides.core.steps.BaseStepListener - stepFinished: current outcome:Open the uTest page:Given Jessica wants to register on the uTest page [Jessica open up [Jessica opens the U test page], Jessica join [Jessica clicks on Boton que nos muestra formulario para registro, Jessica enters 'Reto' into Se escribe el primer nombre, Jessica enters 'Tecnico' into Se escribe el apellido, Jessica enters 'retotecnico@hotmail.com' into Ingresa el correo electronico, Jessica clicks on Ingresa el mes de nacimiento, Jessica clicks on Selecciona el mes, Jessica clicks on Ingresa el dia de nacimiento, Jessica clicks on Selecciona el dÃ­a, Jessica clicks on Ingresa el aÃ±o de nacimiento, Jessica clicks on Selecciona el aÃ±o de nacimiento]]
[Test worker] WARN net.thucydides.core.steps.BaseStepListener - stepStarted: net.thucydides.core.steps.ExecutedStepDescription@5bf7509c
[Test worker] WARN net.thucydides.core.steps.BaseStepListener - stepFinished: current outcome:Open the uTest page:Given Jessica wants to register on the uTest page [Jessica open up [Jessica opens the U test page], Jessica join [Jessica clicks on Boton que nos muestra formulario para registro, Jessica enters 'Reto' into Se escribe el primer nombre, Jessica enters 'Tecnico' into Se escribe el apellido, Jessica enters 'retotecnico@hotmail.com' into Ingresa el correo electronico, Jessica clicks on Ingresa el mes de nacimiento, Jessica clicks on Selecciona el mes, Jessica clicks on Ingresa el dia de nacimiento, Jessica clicks on Selecciona el dÃ­a, Jessica clicks on Ingresa el aÃ±o de nacimiento, Jessica clicks on Selecciona el aÃ±o de nacimiento, Jessica clicks on Click en el espacio de idiomas]]
[Test worker] WARN net.thucydides.core.steps.BaseStepListener - stepStarted: net.thucydides.core.steps.ExecutedStepDescription@fe39e1c
[Test worker] WARN net.thucydides.core.steps.BaseStepListener - stepFinished: current outcome:Open the uTest page:Given Jessica wants to register on the uTest page [Jessica open up [Jessica opens the U test page], Jessica join [Jessica clicks on Boton que nos muestra formulario para registro, Jessica enters 'Reto' into Se escribe el primer nombre, Jessica enters 'Tecnico' into Se escribe el apellido, Jessica enters 'retotecnico@hotmail.com' into Ingresa el correo electronico, Jessica clicks on Ingresa el mes de nacimiento, Jessica clicks on Selecciona el mes, Jessica clicks on Ingresa el dia de nacimiento, Jessica clicks on Selecciona el dÃ­a, Jessica clicks on Ingresa el aÃ±o de nacimiento, Jessica clicks on Selecciona el aÃ±o de nacimiento, Jessica clicks on Click en el espacio de idiomas, Jessica clicks on Boton que nos pasa al siguiente formulario localidad]]
[Test worker] WARN net.thucydides.core.steps.BaseStepListener - stepStarted: net.thucydides.core.steps.ExecutedStepDescription@7673f752
[Test worker] WARN net.thucydides.core.steps.BaseStepListener - stepStarted: net.thucydides.core.steps.ExecutedStepDescription@298e8ff8
[Test worker] WARN net.thucydides.core.steps.BaseStepListener - stepStarted: net.thucydides.core.steps.ExecutedStepDescription@35743605
[Test worker] WARN net.thucydides.core.steps.BaseStepListener - testFinished: Open the uTest page:Given Jessica wants to register on the uTest page [Jessica open up [Jessica opens the U test page], Jessica join [Jessica clicks on Boton que nos muestra formulario para registro, Jessica enters 'Reto' into Se escribe el primer nombre, Jessica enters 'Tecnico' into Se escribe el apellido, Jessica enters 'retotecnico@hotmail.com' into Ingresa el correo electronico, Jessica clicks on Ingresa el mes de nacimiento, Jessica clicks on Selecciona el mes, Jessica clicks on Ingresa el dia de nacimiento, Jessica clicks on Selecciona el dÃ­a, Jessica clicks on Ingresa el aÃ±o de nacimiento, Jessica clicks on Selecciona el aÃ±o de nacimiento, Jessica clicks on Click en el espacio de idiomas, Jessica clicks on Boton que nos pasa al siguiente formulario localidad, Jessica clicks on Boton que nos pasa al siguiente formulario dispositvos]], When she clicks the JoinToday button, Then she enters all the data requested to register
[Test worker] WARN net.thucydides.core.steps.BaseStepListener - TestOutcomes: [Open the uTest page:Given Jessica wants to register on the uTest page [Jessica open up [Jessica opens the U test page], Jessica join [Jessica clicks on Boton que nos muestra formulario para registro, Jessica enters 'Reto' into Se escribe el primer nombre, Jessica enters 'Tecnico' into Se escribe el apellido, Jessica enters 'retotecnico@hotmail.com' into Ingresa el correo electronico, Jessica clicks on Ingresa el mes de nacimiento, Jessica clicks on Selecciona el mes, Jessica clicks on Ingresa el dia de nacimiento, Jessica clicks on Selecciona el dÃ­a, Jessica clicks on Ingresa el aÃ±o de nacimiento, Jessica clicks on Selecciona el aÃ±o de nacimiento, Jessica clicks on Click en el espacio de idiomas, Jessica clicks on Boton que nos pasa al siguiente formulario localidad, Jessica clicks on Boton que nos pasa al siguiente formulario dispositvos]], When she clicks the JoinToday button, Then she enters all the data requested to register]
[Test worker] WARN net.thucydides.core.steps.BaseStepListener - Final testOutcomes: [Open the uTest page:Given Jessica wants to register on the uTest page [Jessica open up [Jessica opens the U test page], Jessica join [Jessica clicks on Boton que nos muestra formulario para registro, Jessica enters 'Reto' into Se escribe el primer nombre, Jessica enters 'Tecnico' into Se escribe el apellido, Jessica enters 'retotecnico@hotmail.com' into Ingresa el correo electronico, Jessica clicks on Ingresa el mes de nacimiento, Jessica clicks on Selecciona el mes, Jessica clicks on Ingresa el dia de nacimiento, Jessica clicks on Selecciona el dÃ­a, Jessica clicks on Ingresa el aÃ±o de nacimiento, Jessica clicks on Selecciona el aÃ±o de nacimiento, Jessica clicks on Click en el espacio de idiomas, Jessica clicks on Boton que nos pasa al siguiente formulario localidad, Jessica clicks on Boton que nos pasa al siguiente formulario dispositvos]], When she clicks the JoinToday button, Then she enters all the data requested to register]
[Test worker] ERROR net.thucydides.core.steps.ConsoleLoggingListener - 
           __  _____ _____ ____ _____   _____ _    ___ _     _____ ____  
  _       / / |_   _| ____/ ___|_   _| |  ___/ \  |_ _| |   | ____|  _ \ 
 (_)_____| |    | | |  _| \___ \ | |   | |_ / _ \  | || |   |  _| | | | |
  _|_____| |    | | | |___ ___) || |   |  _/ ___ \ | || |___| |___| |_| |
 (_)     | |    |_| |_____|____/ |_|   |_|/_/   \_\___|_____|_____|____/ 
          \_\                                                            

TEST FAILED: Open the uTest page
--------------------------------------------------------------------------
[Test worker] ERROR net.thucydides.core.steps.ConsoleLoggingListener - TEST FAILED AT STEP Jessica clicks on Boton que nos pasa al siguiente formulario dispositvos
[Test worker] ERROR net.thucydides.core.steps.ConsoleLoggingListener - Expected enabled element was not enabled
</pre>
</span>
</div>
</div>
<div id="footer">
<p>
<div>
<label class="hidden" id="label-for-line-wrapping-toggle" for="line-wrapping-toggle">Wrap lines
<input id="line-wrapping-toggle" type="checkbox" autocomplete="off"/>
</label>
</div>Generated by 
<a href="http://www.gradle.org">Gradle 5.2.1</a> at 13/04/2022 01:07:09 PM</p>
</div>
</div>
</body>
</html>
