<?xml version="1.0" encoding="UTF-8"?><testsuite errors="0" failures="1" name="uTest" skipped="0" tests="1" time="38.86" timestamp="2022-04-13 01:06:26"><testcase name="Open the uTest page"><failure message="Expected enabled element was not enabled" type="net.thucydides.core.webdriver.exceptions.ElementShouldBeEnabledException">Expected enabled element was not enabled</failure><system-err>Expected enabled element was not enabled&#13;
co.com.choucair.certification.retotecnico.tasks.Join.performAs(Join.java:19)&#13;
co.com.choucair.certification.retotecnico.stepdefinitions.uTestStepDefinitions.jessicaWantsToRegisterOnTheUTestPage(uTestStepDefinitions.java:21)&#13;
cucumber.runner.Runner.runPickle(Runner.java:80)&#13;
</system-err></testcase></testsuite>